\BOOKMARK [1][-]{section.1}{Lecture 1}{}% 1
\BOOKMARK [2][-]{subsection.1.1}{Lecture Notes - Lagrangian Mechanics Part 1}{section.1}% 2
\BOOKMARK [3][-]{subsubsection.1.1.1}{Newtonian Mechanics to Lagrangian Mechanics}{subsection.1.1}% 3
\BOOKMARK [3][-]{subsubsection.1.1.2}{The Variational Principle Setup}{subsection.1.1}% 4
\BOOKMARK [3][-]{subsubsection.1.1.3}{Generalized Coordinates}{subsection.1.1}% 5
\BOOKMARK [3][-]{subsubsection.1.1.4}{Hamilton's Principle and the Lagrangian}{subsection.1.1}% 6
\BOOKMARK [2][-]{subsection.1.2}{Worksheet - Shortest Distance and Variational Principle}{section.1}% 7
\BOOKMARK [1][-]{section.2}{Lecture 2}{}% 8
\BOOKMARK [2][-]{subsection.2.1}{Lecture Notes - Lagrangian Mechanics Part 2}{section.2}% 9
\BOOKMARK [3][-]{subsubsection.2.1.1}{Review of Variational Principle}{subsection.2.1}% 10
\BOOKMARK [2][-]{subsection.2.2}{Worksheet - Variational Principle Applied to Free Fall}{section.2}% 11
\BOOKMARK [1][-]{section.3}{Lecture 3}{}% 12
\BOOKMARK [2][-]{subsection.3.1}{Lecture Notes - Lagrangian Mechanics Part 3}{section.3}% 13
\BOOKMARK [3][-]{subsubsection.3.1.1}{Review of Variations}{subsection.3.1}% 14
\BOOKMARK [3][-]{subsubsection.3.1.2}{Invariance, The Functional Derivative, and Multiple Variables}{subsection.3.1}% 15
\BOOKMARK [3][-]{subsubsection.3.1.3}{Torque, Angular Momentum, and Generalized Momentum Conservation}{subsection.3.1}% 16
\BOOKMARK [2][-]{subsection.3.2}{Worksheet - Lagrangians and Coordinate Transformations}{section.3}% 17
\BOOKMARK [1][-]{section.4}{Lecture 4}{}% 18
\BOOKMARK [2][-]{subsection.4.1}{Lecture Notes - Lagrangian Mechanics Part 4}{section.4}% 19
\BOOKMARK [3][-]{subsubsection.4.1.1}{Proof of Lagrange Equations for Holonomic Systems}{subsection.4.1}% 20
\BOOKMARK [3][-]{subsubsection.4.1.2}{Note on the Sign of Gravitational Potential Energy}{subsection.4.1}% 21
\BOOKMARK [2][-]{subsection.4.2}{Worksheet - Lagrangian Mechanics with Dissipative Forces \046 Constrained Systems}{section.4}% 22
\BOOKMARK [1][-]{section.5}{Lecture 5}{}% 23
\BOOKMARK [2][-]{subsection.5.1}{Worksheet - Bead on a spinning circular wire}{section.5}% 24
\BOOKMARK [1][-]{section.6}{Lecture 6}{}% 25
\BOOKMARK [2][-]{subsection.6.1}{Lecture Notes - Charged Particles in EM Fields}{section.6}% 26
\BOOKMARK [3][-]{subsubsection.6.1.1}{Newton's Law in the Presence of EM Fields}{subsection.6.1}% 27
\BOOKMARK [3][-]{subsubsection.6.1.2}{Scalar and Vector Potentials}{subsection.6.1}% 28
\BOOKMARK [3][-]{subsubsection.6.1.3}{Conservation of Angular Momentum in Spherically Symmetric Lagrangian}{subsection.6.1}% 29
\BOOKMARK [2][-]{subsection.6.2}{Worksheet - Lagrangians for EM fields, Uniqueness}{section.6}% 30
\BOOKMARK [1][-]{section.7}{Lecture 7}{}% 31
\BOOKMARK [2][-]{subsection.7.1}{Lecture Notes - Symmetries and Conservation Laws}{section.7}% 32
\BOOKMARK [3][-]{subsubsection.7.1.1}{Noether's Theorem}{subsection.7.1}% 33
\BOOKMARK [3][-]{subsubsection.7.1.2}{Translational and Rotational Symmetry}{subsection.7.1}% 34
\BOOKMARK [3][-]{subsubsection.7.1.3}{Time Symmetry and the Hamiltonian}{subsection.7.1}% 35
\BOOKMARK [3][-]{subsubsection.7.1.4}{Remarks on Hamiltonian}{subsection.7.1}% 36
\BOOKMARK [2][-]{subsection.7.2}{Worksheet - Energy and the Hamiltonian}{section.7}% 37
\BOOKMARK [1][-]{section.8}{Lecture 8}{}% 38
\BOOKMARK [2][-]{subsection.8.1}{Lecture Notes - Lagrange Multipliers}{section.8}% 39
\BOOKMARK [3][-]{subsubsection.8.1.1}{Motivation}{subsection.8.1}% 40
\BOOKMARK [2][-]{subsection.8.2}{Worksheet - Lagrange Multipliers \046 Atwood Machine}{section.8}% 41
\BOOKMARK [1][-]{section.9}{Lecture 9}{}% 42
\BOOKMARK [2][-]{subsection.9.1}{Worksheet - Review of Damped \046 Driven Harmonic Oscillators}{section.9}% 43
\BOOKMARK [1][-]{section.10}{Lecture 10}{}% 44
\BOOKMARK [2][-]{subsection.10.1}{Lecture Notes - Intro to Coupled Oscillators}{section.10}% 45
\BOOKMARK [3][-]{subsubsection.10.1.1}{Analysis with Newtonian Mechanics}{subsection.10.1}% 46
\BOOKMARK [2][-]{subsection.10.2}{Worksheet - Intro to Coupled Oscillators}{section.10}% 47
\BOOKMARK [1][-]{section.11}{Lecture 11}{}% 48
\BOOKMARK [2][-]{subsection.11.1}{Lecture Notes - Normal Coordinates}{section.11}% 49
\BOOKMARK [3][-]{subsubsection.11.1.1}{Normal Coordinates of Spring-Mass system}{subsection.11.1}% 50
\BOOKMARK [3][-]{subsubsection.11.1.2}{Generalization}{subsection.11.1}% 51
\BOOKMARK [2][-]{subsection.11.2}{Worksheet - Double Pendulum}{section.11}% 52
\BOOKMARK [1][-]{section.12}{Lecture 12}{}% 53
\BOOKMARK [2][-]{subsection.12.1}{Lecture Notes - Weakly Coupled Oscillators}{section.12}% 54
\BOOKMARK [2][-]{subsection.12.2}{Worksheet - Generalized Coupled Oscillators}{section.12}% 55
\BOOKMARK [1][-]{section.13}{Lecture 13}{}% 56
\BOOKMARK [2][-]{subsection.13.1}{Worksheet - Review of Weeks 1-4}{section.13}% 57
\BOOKMARK [1][-]{section.14}{Lecture 14}{}% 58
\BOOKMARK [2][-]{subsection.14.1}{Lecture Notes - Review of Inertial Frames}{section.14}% 59
\BOOKMARK [3][-]{subsubsection.14.1.1}{Definition \046 Newton's Law in an accelerating Frame}{subsection.14.1}% 60
\BOOKMARK [2][-]{subsection.14.2}{Worksheet - Review of Noninertial Frames}{section.14}% 61
\BOOKMARK [1][-]{section.15}{Lecture 15}{}% 62
\BOOKMARK [2][-]{subsection.15.1}{Lecture Notes - Rotating Frame Clickers}{section.15}% 63
\BOOKMARK [2][-]{subsection.15.2}{Worksheet - Rotating Coordinate Systems}{section.15}% 64
\BOOKMARK [1][-]{section.16}{Lecture 16}{}% 65
\BOOKMARK [2][-]{subsection.16.1}{Lecture Notes - Focault Pendulum}{section.16}% 66
\BOOKMARK [3][-]{subsubsection.16.1.1}{Rotating Coordinate System EOM}{subsection.16.1}% 67
\BOOKMARK [3][-]{subsubsection.16.1.2}{Review Questions}{subsection.16.1}% 68
\BOOKMARK [3][-]{subsubsection.16.1.3}{The Foucault Pendulum}{subsection.16.1}% 69
\BOOKMARK [1][-]{section.17}{Lecture 17}{}% 70
\BOOKMARK [2][-]{subsection.17.1}{Lecture Notes - Rotational Motion of Rigid Bodies}{section.17}% 71
\BOOKMARK [3][-]{subsubsection.17.1.1}{Review of Center of Mass - Clickers}{subsection.17.1}% 72
\BOOKMARK [3][-]{subsubsection.17.1.2}{Linear and Angular Momentum of COM}{subsection.17.1}% 73
\BOOKMARK [3][-]{subsubsection.17.1.3}{Potential and Kinetic Energy of a Rigid Body}{subsection.17.1}% 74
\BOOKMARK [3][-]{subsubsection.17.1.4}{Example: Rolling Disk}{subsection.17.1}% 75
\BOOKMARK [3][-]{subsubsection.17.1.5}{Rotation about the z axis}{subsection.17.1}% 76
\BOOKMARK [1][-]{section.18}{Lecture 18}{}% 77
\BOOKMARK [2][-]{subsection.18.1}{Lecture Notes - Moment of Inertia Tensor}{section.18}% 78
\BOOKMARK [3][-]{subsubsection.18.1.1}{Review of Last Day's Results}{subsection.18.1}% 79
\BOOKMARK [3][-]{subsubsection.18.1.2}{Angular momentum for rigid body with angular velocity along arbitrary direction}{subsection.18.1}% 80
\BOOKMARK [3][-]{subsubsection.18.1.3}{Index notation}{subsection.18.1}% 81
\BOOKMARK [3][-]{subsubsection.18.1.4}{Example: Components of Inertia Tensor for rotation of cube about corner}{subsection.18.1}% 82
\BOOKMARK [3][-]{subsubsection.18.1.5}{Example: Components of Inertia Tensor for rotation of cube about COM}{subsection.18.1}% 83
\BOOKMARK [3][-]{subsubsection.18.1.6}{Parallel Axis Theorem}{subsection.18.1}% 84
\BOOKMARK [3][-]{subsubsection.18.1.7}{Example: Applying the Parallel Axis Theorem to the Cube}{subsection.18.1}% 85
\BOOKMARK [3][-]{subsubsection.18.1.8}{Principal axes}{subsection.18.1}% 86
\BOOKMARK [1][-]{section.19}{Lecture 19}{}% 87
\BOOKMARK [2][-]{subsection.19.1}{Lecture Notes - Principle Axes of Inertia \046 Euler's Equations}{section.19}% 88
\BOOKMARK [3][-]{subsubsection.19.1.1}{Motivation Clickers}{subsection.19.1}% 89
\BOOKMARK [3][-]{subsubsection.19.1.2}{Linear algebra review}{subsection.19.1}% 90
\BOOKMARK [3][-]{subsubsection.19.1.3}{Rotational motion and principal axes}{subsection.19.1}% 91
\BOOKMARK [3][-]{subsubsection.19.1.4}{Torque free tumbling}{subsection.19.1}% 92
\BOOKMARK [1][-]{section.20}{Lecture 20}{}% 93
\BOOKMARK [2][-]{subsection.20.1}{Lecture Notes - Free Rotation of Spinning Top \046 Euler Angles}{section.20}% 94
\BOOKMARK [3][-]{subsubsection.20.1.1}{Euler Equations Review}{subsection.20.1}% 95
\BOOKMARK [3][-]{subsubsection.20.1.2}{Free Rotation of symmetric top}{subsection.20.1}% 96
\BOOKMARK [3][-]{subsubsection.20.1.3}{Rotation Matrices}{subsection.20.1}% 97
\BOOKMARK [3][-]{subsubsection.20.1.4}{Euler Angles}{subsection.20.1}% 98
\BOOKMARK [1][-]{section.21}{Lecture 21}{}% 99
\BOOKMARK [2][-]{subsection.21.1}{Lecture Notes - Lagrangian for Rigid Body, Spinning Top with Torque}{section.21}% 100
\BOOKMARK [3][-]{subsubsection.21.1.1}{Review}{subsection.21.1}% 101
\BOOKMARK [3][-]{subsubsection.21.1.2}{Lagrangian of Rigid Body}{subsection.21.1}% 102
\BOOKMARK [3][-]{subsubsection.21.1.3}{Symmetry Spinning Top with Torque \(Gravity\)}{subsection.21.1}% 103
\BOOKMARK [1][-]{section.22}{Lecture 22}{}% 104
\BOOKMARK [2][-]{subsection.22.1}{Lecture Notes - Spinning Top with Torque, Nutation, Intro to Hamiltonian Mechanics}{section.22}% 105
\BOOKMARK [3][-]{subsubsection.22.1.1}{Returning to a Question}{subsection.22.1}% 106
\BOOKMARK [3][-]{subsubsection.22.1.2}{Spinning top with gravity/Nutation}{subsection.22.1}% 107
\BOOKMARK [3][-]{subsubsection.22.1.3}{Intro to Hamiltonian Mechanics - Motivation}{subsection.22.1}% 108
\BOOKMARK [3][-]{subsubsection.22.1.4}{What was the Hamiltonian, Again?}{subsection.22.1}% 109
\BOOKMARK [3][-]{subsubsection.22.1.5}{The Harmonic Oscillator}{subsection.22.1}% 110
\BOOKMARK [3][-]{subsubsection.22.1.6}{The Hamiltonian as the Legendre Transform of L}{subsection.22.1}% 111
\BOOKMARK [3][-]{subsubsection.22.1.7}{Hamilton Equations of Motion}{subsection.22.1}% 112
\BOOKMARK [1][-]{section.23}{Lecture 23}{}% 113
\BOOKMARK [2][-]{subsection.23.1}{Lecture Notes - Hamiltonian Mechanics}{section.23}% 114
\BOOKMARK [3][-]{subsubsection.23.1.1}{Hamilton's Equations \046 Properties}{subsection.23.1}% 115
\BOOKMARK [3][-]{subsubsection.23.1.2}{The Variational Principle, Revisited}{subsection.23.1}% 116
\BOOKMARK [3][-]{subsubsection.23.1.3}{Hamiltonian Time Dependence}{subsection.23.1}% 117
\BOOKMARK [3][-]{subsubsection.23.1.4}{The Atwood Machine, Again}{subsection.23.1}% 118
\BOOKMARK [3][-]{subsubsection.23.1.5}{Phase Space of the Harmonic Oscillator}{subsection.23.1}% 119
\BOOKMARK [3][-]{subsubsection.23.1.6}{Particle in a Central Force Field}{subsection.23.1}% 120
\BOOKMARK [3][-]{subsubsection.23.1.7}{General Procedure for setting up Hamilton's equations}{subsection.23.1}% 121
\BOOKMARK [1][-]{section.24}{Lecture 24}{}% 122
\BOOKMARK [2][-]{subsection.24.1}{Lecture Notes - Phase Space \046 Canonical Transformations}{section.24}% 123
\BOOKMARK [3][-]{subsubsection.24.1.1}{Cyclic/Ignorable Coordinates}{subsection.24.1}% 124
\BOOKMARK [3][-]{subsubsection.24.1.2}{Phase Space Vectors}{subsection.24.1}% 125
\BOOKMARK [3][-]{subsubsection.24.1.3}{Canonical Transformations}{subsection.24.1}% 126
\BOOKMARK [1][-]{section.25}{Lecture 25}{}% 127
\BOOKMARK [2][-]{subsection.25.1}{Lecture Notes - The Poisson Brackeet and Liouville's Theorem}{section.25}% 128
\BOOKMARK [3][-]{subsubsection.25.1.1}{Review}{subsection.25.1}% 129
\BOOKMARK [3][-]{subsubsection.25.1.2}{Poisson Bracket}{subsection.25.1}% 130
\BOOKMARK [3][-]{subsubsection.25.1.3}{Properties of the Poisson Bracket}{subsection.25.1}% 131
\BOOKMARK [3][-]{subsubsection.25.1.4}{Poisson Bracket and Canonical Transformations}{subsection.25.1}% 132
\BOOKMARK [3][-]{subsubsection.25.1.5}{Hamiltonian Flow}{subsection.25.1}% 133
\BOOKMARK [3][-]{subsubsection.25.1.6}{Liouville's Theorem}{subsection.25.1}% 134
\BOOKMARK [1][-]{section.26}{Lecture 26}{}% 135
\BOOKMARK [2][-]{subsection.26.1}{Lecture Notes - Liouville's Theorem, Path to QM \(Canonical Quantization\)}{section.26}% 136
\BOOKMARK [3][-]{subsubsection.26.1.1}{Review - Liouville's Theorem}{subsection.26.1}% 137
\BOOKMARK [3][-]{subsubsection.26.1.2}{Liouville's Theorem from Gauss's \(Divergence\) Theorem}{subsection.26.1}% 138
\BOOKMARK [3][-]{subsubsection.26.1.3}{Poisson Brackets Revisited \046 The path to QM}{subsection.26.1}% 139
\BOOKMARK [3][-]{subsubsection.26.1.4}{Non-Commutative Structure of Phase Space}{subsection.26.1}% 140
\BOOKMARK [3][-]{subsubsection.26.1.5}{Canonical Quantization}{subsection.26.1}% 141
\BOOKMARK [1][-]{section.27}{Lecture 27}{}% 142
\BOOKMARK [2][-]{subsection.27.1}{Lecture Notes - Scattering Theory}{section.27}% 143
\BOOKMARK [3][-]{subsubsection.27.1.1}{Motivation}{subsection.27.1}% 144
\BOOKMARK [3][-]{subsubsection.27.1.2}{Fundamental parameters}{subsection.27.1}% 145
\BOOKMARK [3][-]{subsubsection.27.1.3}{Example: Scattering Neutrons on Aluminum Foil}{subsection.27.1}% 146
\BOOKMARK [3][-]{subsubsection.27.1.4}{Example: Scattering of Two Hard Spheres}{subsection.27.1}% 147
\BOOKMARK [3][-]{subsubsection.27.1.5}{Example: Mean free path of air molecule}{subsection.27.1}% 148
\BOOKMARK [3][-]{subsubsection.27.1.6}{Solid Angle}{subsection.27.1}% 149
\BOOKMARK [3][-]{subsubsection.27.1.7}{Differential Cross Section}{subsection.27.1}% 150
\BOOKMARK [1][-]{section.28}{Lecture 28}{}% 151
\BOOKMARK [2][-]{subsection.28.1}{Lecture Notes - Differential Cross Section}{section.28}% 152
\BOOKMARK [3][-]{subsubsection.28.1.1}{Review}{subsection.28.1}% 153
\BOOKMARK [3][-]{subsubsection.28.1.2}{Calculation of the differential cross-section - The Kepler Approach}{subsection.28.1}% 154
\BOOKMARK [3][-]{subsubsection.28.1.3}{Example - Hard Sphere Differential Cross-Section}{subsection.28.1}% 155
\BOOKMARK [3][-]{subsubsection.28.1.4}{Example - Coloumb Potential Differential Cross-Section}{subsection.28.1}% 156
\BOOKMARK [1][-]{section.29}{Lecture 29}{}% 157
\BOOKMARK [2][-]{subsection.29.1}{Lecture Notes - Cross Sections in Different Frames}{section.29}% 158
\BOOKMARK [3][-]{subsubsection.29.1.1}{Main Result from Last Day}{subsection.29.1}% 159
\BOOKMARK [3][-]{subsubsection.29.1.2}{CM vs Lab Frames}{subsection.29.1}% 160
\BOOKMARK [3][-]{subsubsection.29.1.3}{Differential Cross Section in COM Frame}{subsection.29.1}% 161
\BOOKMARK [3][-]{subsubsection.29.1.4}{Example: Hard spheres}{subsection.29.1}% 162
\BOOKMARK [3][-]{subsubsection.29.1.5}{Coming up}{subsection.29.1}% 163
\BOOKMARK [1][-]{section.30}{Lecture 30}{}% 164
\BOOKMARK [2][-]{subsection.30.1}{Lecture Notes - Continuum Mechanics}{section.30}% 165
\BOOKMARK [3][-]{subsubsection.30.1.1}{Setting Up The Continuum Limit}{subsection.30.1}% 166
\BOOKMARK [3][-]{subsubsection.30.1.2}{Deriving the Wave Equation}{subsection.30.1}% 167
\BOOKMARK [3][-]{subsubsection.30.1.3}{Wave equation Solutions and Dispersion Relation}{subsection.30.1}% 168
\BOOKMARK [3][-]{subsubsection.30.1.4}{Generalization to 3D}{subsection.30.1}% 169
\BOOKMARK [3][-]{subsubsection.30.1.5}{Volume and Surface Forces}{subsection.30.1}% 170
\BOOKMARK [3][-]{subsubsection.30.1.6}{Stress \046 Strain - Basic Definitions}{subsection.30.1}% 171
\BOOKMARK [3][-]{subsubsection.30.1.7}{Hooke's Law for Solids \(Linear Elasticity\)}{subsection.30.1}% 172
\BOOKMARK [3][-]{subsubsection.30.1.8}{The Stress Tensor}{subsection.30.1}% 173
\BOOKMARK [1][-]{section.31}{Lecture 31}{}% 174
\BOOKMARK [2][-]{subsection.31.1}{Lecture Notes - The Strain Tensor and Hooke's Law for Solids}{section.31}% 175
\BOOKMARK [3][-]{subsubsection.31.1.1}{The Stress Tensor}{subsection.31.1}% 176
\BOOKMARK [3][-]{subsubsection.31.1.2}{Stress Tensor Elements}{subsection.31.1}% 177
\BOOKMARK [3][-]{subsubsection.31.1.3}{Symmetry of the Stress Tensor}{subsection.31.1}% 178
\BOOKMARK [3][-]{subsubsection.31.1.4}{Displacements}{subsection.31.1}% 179
\BOOKMARK [3][-]{subsubsection.31.1.5}{The Strain Tensor}{subsection.31.1}% 180
\BOOKMARK [3][-]{subsubsection.31.1.6}{Example: Thin/thick plate in xy plane}{subsection.31.1}% 181
\BOOKMARK [3][-]{subsubsection.31.1.7}{Hooke's Law for Isotropic and Homogenous Solids}{subsection.31.1}% 182
\BOOKMARK [1][-]{section.32}{Lecture 32}{}% 183
\BOOKMARK [2][-]{subsection.32.1}{Chaos and Nonlinear Dynamics}{section.32}% 184
\BOOKMARK [3][-]{subsubsection.32.1.1}{What is chaos?}{subsection.32.1}% 185
\BOOKMARK [3][-]{subsubsection.32.1.2}{Driven Damped Pendulum}{subsection.32.1}% 186
\BOOKMARK [3][-]{subsubsection.32.1.3}{Period Doubling and Bifurcations}{subsection.32.1}% 187
\BOOKMARK [1][-]{section.33}{Lecture 33}{}% 188
\BOOKMARK [2][-]{subsection.33.1}{Lecture Notes - Lyapunov Exponents, Bifurcation Diagrams, State-Space orbits, and Poincare Sections}{section.33}% 189
\BOOKMARK [3][-]{subsubsection.33.1.1}{Period doubling cascade - "Route to Chaos"}{subsection.33.1}% 190
\BOOKMARK [3][-]{subsubsection.33.1.2}{The driven damped pendulum revisisted}{subsection.33.1}% 191
\BOOKMARK [3][-]{subsubsection.33.1.3}{Sensitivity to Initial Conditions \046 Lyapunov Exponents}{subsection.33.1}% 192
\BOOKMARK [3][-]{subsubsection.33.1.4}{Bifurcation Diagrams}{subsection.33.1}% 193
\BOOKMARK [3][-]{subsubsection.33.1.5}{State Space Orbits}{subsection.33.1}% 194
\BOOKMARK [3][-]{subsubsection.33.1.6}{Poincare Sections}{subsection.33.1}% 195
\BOOKMARK [3][-]{subsubsection.33.1.7}{The Logistic map}{subsection.33.1}% 196
\BOOKMARK [1][-]{section.34}{Lecture 34}{}% 197
\BOOKMARK [2][-]{subsection.34.1}{Lecture Notes - Course Review I}{section.34}% 198
\BOOKMARK [3][-]{subsubsection.34.1.1}{Quiz II Recap}{subsection.34.1}% 199
\BOOKMARK [3][-]{subsubsection.34.1.2}{Euler Angles}{subsection.34.1}% 200
\BOOKMARK [3][-]{subsubsection.34.1.3}{Symmetric Top}{subsection.34.1}% 201
\BOOKMARK [3][-]{subsubsection.34.1.4}{What if the tip is free to slide?}{subsection.34.1}% 202
\BOOKMARK [1][-]{section.35}{Lecture 35}{}% 203
\BOOKMARK [2][-]{subsection.35.1}{Lecture Notes - Course Review II}{section.35}% 204
\BOOKMARK [3][-]{subsubsection.35.1.1}{Examples of Canonical Transformations}{subsection.35.1}% 205
\BOOKMARK [3][-]{subsubsection.35.1.2}{Practice Problem}{subsection.35.1}% 206
\BOOKMARK [1][-]{section.36}{Formula Sheet}{}% 207
\BOOKMARK [2][-]{subsection.36.1}{The Variational Principle and Lagrangian Mechanics}{section.36}% 208
\BOOKMARK [2][-]{subsection.36.2}{Coupled Oscillators}{section.36}% 209
\BOOKMARK [2][-]{subsection.36.3}{Mechanics in Non-Inertial Frames}{section.36}% 210
\BOOKMARK [2][-]{subsection.36.4}{Rigid Body Mechanics}{section.36}% 211
\BOOKMARK [2][-]{subsection.36.5}{Hamiltonian Mechanics}{section.36}% 212
\BOOKMARK [2][-]{subsection.36.6}{Scattering Theory}{section.36}% 213
\BOOKMARK [2][-]{subsection.36.7}{Continuum Mechanics}{section.36}% 214
\BOOKMARK [2][-]{subsection.36.8}{Chaos Theory}{section.36}% 215
